<?xml version="1.0" encoding="UTF-8"?>
<!-- Generated by org.testng.reporters.JUnitXMLReporter -->
<testsuite hostname="DESKTOP-VQPCM3C" ignored="1" name="ChromeTest" tests="2" failures="0" timestamp="26 Jun 2022 14:59:37 GMT" time="27.089" errors="0">
  <testcase name="@BeforeMethod setUpTestReport" time="15.823" classname="com.automation.tests.BaseTest">
    <failure type="java.lang.NullPointerException">
      <![CDATA[java.lang.NullPointerException
	at com.automation.tests.BaseTest.setUpTestReport(BaseTest.java:75)
... Removed 27 stack frames]]>
    </failure>
  </testcase> <!-- @BeforeMethod setUpTestReport -->
  <testcase name="@BeforeMethod setUpTestReport" time="11.055" classname="com.automation.tests.BaseTest">
    <failure type="java.lang.NullPointerException">
      <![CDATA[java.lang.NullPointerException
	at com.automation.tests.BaseTest.setUpTestReport(BaseTest.java:75)
... Removed 27 stack frames]]>
    </failure>
  </testcase> <!-- @BeforeMethod setUpTestReport -->
  <testcase name="loginTest3" time="0.001" classname="com.automation.tests.LoginTests">
    <skipped/>
  </testcase> <!-- loginTest3 -->
  <testcase name="loginTest3" time="0.0" classname="com.automation.tests.LoginTests">
    <skipped/>
  </testcase> <!-- loginTest3 -->
  <testcase name="loginTest2" time="0.0" classname="com.automation.tests.LoginTests">
    <ignored/>
  </testcase> <!-- loginTest2 -->
</testsuite> <!-- ChromeTest -->
